<?xml version="1.0" encoding="UTF-8"?>
<testng-results ignored="0" total="1" passed="1" failed="0" skipped="0">
  <reporter-output>
  </reporter-output>
  <suite started-at="2025-09-21T14:48:47 IST" name="Default suite" finished-at="2025-09-21T14:48:52 IST" duration-ms="5289">
    <groups>
    </groups>
    <test started-at="2025-09-21T14:48:47 IST" name="Default test" finished-at="2025-09-21T14:48:52 IST" duration-ms="5289">
      <class name="SeleniumJava.ExtentReports.SampleExtentReport">
        <test-method is-config="true" signature="getReportObject()[pri:0, instance:SeleniumJava.ExtentReports.SampleExtentReport@2f4948e4]" started-at="2025-09-21T14:48:47 IST" name="getReportObject" finished-at="2025-09-21T14:48:47 IST" duration-ms="269" status="PASS">
          <reporter-output>
          </reporter-output>
        </test-method> <!-- getReportObject -->
        <test-method signature="Demo()[pri:0, instance:SeleniumJava.ExtentReports.SampleExtentReport@2f4948e4]" started-at="2025-09-21T14:48:47 IST" name="Demo" finished-at="2025-09-21T14:48:52 IST" duration-ms="4966" status="PASS">
          <reporter-output>
          </reporter-output>
        </test-method> <!-- Demo -->
      </class> <!-- SeleniumJava.ExtentReports.SampleExtentReport -->
    </test> <!-- Default test -->
  </suite> <!-- Default suite -->
</testng-results>
